<?xml version="1.0" encoding="UTF-8"?>
<coverage generated="1710307877692" clover="3.2.0">
  <project timestamp="1710307877692" name="All files">
    <metrics statements="97" coveredstatements="93" conditionals="64" coveredconditionals="53" methods="33" coveredmethods="32" elements="194" coveredelements="178" complexity="0" loc="97" ncloc="97" packages="1" files="25" classes="25"/>
    <file name="ascending.js" path="/Users/kevinwhitley/dev/kwhitley/supergeneric/src/ascending.js">
      <metrics statements="1" coveredstatements="1" conditionals="4" coveredconditionals="4" methods="1" coveredmethods="1"/>
      <line num="2" count="26" type="cond" truecount="2" falsecount="0"/>
    </file>
    <file name="average.js" path="/Users/kevinwhitley/dev/kwhitley/supergeneric/src/average.js">
      <metrics statements="1" coveredstatements="1" conditionals="1" coveredconditionals="0" methods="1" coveredmethods="1"/>
      <line num="4" count="4" type="cond" truecount="0" falsecount="1"/>
    </file>
    <file name="binarySearch.js" path="/Users/kevinwhitley/dev/kwhitley/supergeneric/src/binarySearch.js">
      <metrics statements="14" coveredstatements="14" conditionals="10" coveredconditionals="8" methods="2" coveredmethods="2"/>
      <line num="3" count="1" type="stmt"/>
      <line num="7" count="1" type="cond" truecount="0" falsecount="1"/>
      <line num="8" count="2" type="cond" truecount="0" falsecount="1"/>
      <line num="9" count="3" type="stmt"/>
      <line num="10" count="3" type="stmt"/>
      <line num="12" count="3" type="stmt"/>
      <line num="14" count="3" type="cond" truecount="2" falsecount="0"/>
      <line num="15" count="1020" type="cond" truecount="2" falsecount="0"/>
      <line num="19" count="1020" type="cond" truecount="2" falsecount="0"/>
      <line num="24" count="1018" type="cond" truecount="2" falsecount="0"/>
      <line num="25" count="25" type="stmt"/>
      <line num="27" count="993" type="stmt"/>
      <line num="30" count="1018" type="stmt"/>
      <line num="33" count="1" type="stmt"/>
    </file>
    <file name="convert.js" path="/Users/kevinwhitley/dev/kwhitley/supergeneric/src/convert.js">
      <metrics statements="4" coveredstatements="4" conditionals="0" coveredconditionals="0" methods="2" coveredmethods="2"/>
      <line num="3" count="1" type="stmt"/>
      <line num="4" count="1" type="stmt"/>
      <line num="5" count="1" type="stmt"/>
      <line num="8" count="1" type="stmt"/>
    </file>
    <file name="dates.js" path="/Users/kevinwhitley/dev/kwhitley/supergeneric/src/dates.js">
      <metrics statements="4" coveredstatements="4" conditionals="4" coveredconditionals="4" methods="1" coveredmethods="1"/>
      <line num="2" count="2" type="stmt"/>
      <line num="3" count="8" type="stmt"/>
      <line num="4" count="8" type="cond" truecount="2" falsecount="0"/>
      <line num="6" count="8" type="cond" truecount="2" falsecount="0"/>
    </file>
    <file name="descending.js" path="/Users/kevinwhitley/dev/kwhitley/supergeneric/src/descending.js">
      <metrics statements="1" coveredstatements="1" conditionals="4" coveredconditionals="3" methods="1" coveredmethods="1"/>
      <line num="2" count="6" type="cond" truecount="2" falsecount="0"/>
    </file>
    <file name="first.js" path="/Users/kevinwhitley/dev/kwhitley/supergeneric/src/first.js">
      <metrics statements="1" coveredstatements="1" conditionals="0" coveredconditionals="0" methods="1" coveredmethods="1"/>
      <line num="2" count="1" type="stmt"/>
    </file>
    <file name="getMilliseconds.js" path="/Users/kevinwhitley/dev/kwhitley/supergeneric/src/getMilliseconds.js">
      <metrics statements="17" coveredstatements="14" conditionals="14" coveredconditionals="9" methods="1" coveredmethods="1"/>
      <line num="1" count="1" type="stmt"/>
      <line num="12" count="1" type="stmt"/>
      <line num="13" count="10" type="cond" truecount="2" falsecount="0"/>
      <line num="14" count="3" type="stmt"/>
      <line num="17" count="7" type="stmt"/>
      <line num="19" count="7" type="cond" truecount="2" falsecount="0"/>
      <line num="20" count="3" type="stmt"/>
      <line num="23" count="4" type="cond" truecount="1" falsecount="1"/>
      <line num="24" count="0" type="stmt"/>
      <line num="27" count="4" type="stmt"/>
      <line num="29" count="4" type="cond" truecount="1" falsecount="1"/>
      <line num="30" count="3" type="stmt"/>
      <line num="31" count="3" type="stmt"/>
      <line num="32" count="3" type="cond" truecount="1" falsecount="1"/>
      <line num="33" count="0" type="stmt"/>
      <line num="36" count="3" type="cond" truecount="2" falsecount="2"/>
      <line num="39" count="0" type="stmt"/>
    </file>
    <file name="last.js" path="/Users/kevinwhitley/dev/kwhitley/supergeneric/src/last.js">
      <metrics statements="1" coveredstatements="1" conditionals="0" coveredconditionals="0" methods="1" coveredmethods="1"/>
      <line num="2" count="5" type="stmt"/>
    </file>
    <file name="makePath.js" path="/Users/kevinwhitley/dev/kwhitley/supergeneric/src/makePath.js">
      <metrics statements="7" coveredstatements="7" conditionals="4" coveredconditionals="4" methods="2" coveredmethods="2"/>
      <line num="4" count="1" type="stmt"/>
      <line num="5" count="4" type="stmt"/>
      <line num="7" count="4" type="cond" truecount="2" falsecount="0"/>
      <line num="8" count="1" type="stmt"/>
      <line num="10" count="3" type="stmt"/>
      <line num="13" count="4" type="stmt"/>
      <line num="14" count="12" type="cond" truecount="2" falsecount="0"/>
    </file>
    <file name="max.js" path="/Users/kevinwhitley/dev/kwhitley/supergeneric/src/max.js">
      <metrics statements="1" coveredstatements="1" conditionals="0" coveredconditionals="0" methods="1" coveredmethods="1"/>
      <line num="2" count="1" type="stmt"/>
    </file>
    <file name="mean.js" path="/Users/kevinwhitley/dev/kwhitley/supergeneric/src/mean.js">
      <metrics statements="0" coveredstatements="0" conditionals="0" coveredconditionals="0" methods="0" coveredmethods="0"/>
    </file>
    <file name="median.js" path="/Users/kevinwhitley/dev/kwhitley/supergeneric/src/median.js">
      <metrics statements="8" coveredstatements="8" conditionals="6" coveredconditionals="6" methods="1" coveredmethods="1"/>
      <line num="3" count="1" type="stmt"/>
      <line num="4" count="3" type="cond" truecount="2" falsecount="0"/>
      <line num="5" count="3" type="stmt"/>
      <line num="6" count="3" type="stmt"/>
      <line num="7" count="3" type="stmt"/>
      <line num="9" count="3" type="cond" truecount="2" falsecount="0"/>
      <line num="10" count="1" type="stmt"/>
      <line num="13" count="2" type="cond" truecount="2" falsecount="0"/>
    </file>
    <file name="min.js" path="/Users/kevinwhitley/dev/kwhitley/supergeneric/src/min.js">
      <metrics statements="1" coveredstatements="1" conditionals="0" coveredconditionals="0" methods="1" coveredmethods="1"/>
      <line num="2" count="1" type="stmt"/>
    </file>
    <file name="numbers.js" path="/Users/kevinwhitley/dev/kwhitley/supergeneric/src/numbers.js">
      <metrics statements="3" coveredstatements="3" conditionals="2" coveredconditionals="2" methods="1" coveredmethods="1"/>
      <line num="2" count="1" type="stmt"/>
      <line num="3" count="3" type="stmt"/>
      <line num="5" count="3" type="cond" truecount="2" falsecount="0"/>
    </file>
    <file name="onlyNumbers.js" path="/Users/kevinwhitley/dev/kwhitley/supergeneric/src/onlyNumbers.js">
      <metrics statements="1" coveredstatements="1" conditionals="0" coveredconditionals="0" methods="1" coveredmethods="1"/>
      <line num="2" count="1" type="stmt"/>
    </file>
    <file name="random.js" path="/Users/kevinwhitley/dev/kwhitley/supergeneric/src/random.js">
      <metrics statements="1" coveredstatements="1" conditionals="0" coveredconditionals="0" methods="1" coveredmethods="1"/>
      <line num="2" count="1" type="stmt"/>
    </file>
    <file name="randomItem.js" path="/Users/kevinwhitley/dev/kwhitley/supergeneric/src/randomItem.js">
      <metrics statements="1" coveredstatements="1" conditionals="0" coveredconditionals="0" methods="1" coveredmethods="1"/>
      <line num="4" count="1" type="stmt"/>
    </file>
    <file name="range.js" path="/Users/kevinwhitley/dev/kwhitley/supergeneric/src/range.js">
      <metrics statements="3" coveredstatements="3" conditionals="3" coveredconditionals="2" methods="2" coveredmethods="2"/>
      <line num="2" count="1" type="cond" truecount="1" falsecount="1"/>
      <line num="3" count="2" type="cond" truecount="1" falsecount="0"/>
      <line num="5" count="6" type="stmt"/>
    </file>
    <file name="recurse.js" path="/Users/kevinwhitley/dev/kwhitley/supergeneric/src/recurse.js">
      <metrics statements="6" coveredstatements="6" conditionals="2" coveredconditionals="2" methods="2" coveredmethods="2"/>
      <line num="1" count="2" type="stmt"/>
      <line num="2" count="2" type="cond" truecount="2" falsecount="0"/>
      <line num="3" count="1" type="stmt"/>
      <line num="6" count="1" type="stmt"/>
      <line num="7" count="5" type="stmt"/>
      <line num="10" count="1" type="stmt"/>
    </file>
    <file name="required.js" path="/Users/kevinwhitley/dev/kwhitley/supergeneric/src/required.js">
      <metrics statements="2" coveredstatements="1" conditionals="0" coveredconditionals="0" methods="1" coveredmethods="0"/>
      <line num="2" count="1" type="stmt"/>
      <line num="3" count="0" type="stmt"/>
    </file>
    <file name="sortBy.js" path="/Users/kevinwhitley/dev/kwhitley/supergeneric/src/sortBy.js">
      <metrics statements="6" coveredstatements="6" conditionals="10" coveredconditionals="9" methods="3" coveredmethods="3"/>
      <line num="10" count="2" type="cond" truecount="2" falsecount="0"/>
      <line num="11" count="4" type="cond" truecount="2" falsecount="0"/>
      <line num="14" count="4" type="stmt"/>
      <line num="16" count="4" type="cond" truecount="2" falsecount="0"/>
      <line num="17" count="3" type="cond" truecount="1" falsecount="1"/>
      <line num="20" count="15" type="cond" truecount="2" falsecount="0"/>
    </file>
    <file name="stddev.js" path="/Users/kevinwhitley/dev/kwhitley/supergeneric/src/stddev.js">
      <metrics statements="7" coveredstatements="7" conditionals="0" coveredconditionals="0" methods="1" coveredmethods="1"/>
      <line num="4" count="1" type="stmt"/>
      <line num="5" count="1" type="stmt"/>
      <line num="6" count="1" type="stmt"/>
      <line num="7" count="1" type="stmt"/>
      <line num="9" count="1" type="stmt"/>
      <line num="10" count="4" type="stmt"/>
      <line num="13" count="1" type="stmt"/>
    </file>
    <file name="sum.js" path="/Users/kevinwhitley/dev/kwhitley/supergeneric/src/sum.js">
      <metrics statements="5" coveredstatements="5" conditionals="0" coveredconditionals="0" methods="1" coveredmethods="1"/>
      <line num="2" count="4" type="stmt"/>
      <line num="3" count="5" type="stmt"/>
      <line num="5" count="5" type="stmt"/>
      <line num="6" count="20" type="stmt"/>
      <line num="9" count="5" type="stmt"/>
    </file>
    <file name="transpose.js" path="/Users/kevinwhitley/dev/kwhitley/supergeneric/src/transpose.js">
      <metrics statements="1" coveredstatements="1" conditionals="0" coveredconditionals="0" methods="3" coveredmethods="3"/>
      <line num="3" count="6" type="stmt"/>
    </file>
  </project>
</coverage>
