{"/Users/kevinwhitley/dev/kwhitley/supergeneric/utils/src/ascending.js": {"path":"/Users/kevinwhitley/dev/kwhitley/supergeneric/utils/src/ascending.js","statementMap":{"0":{"start":{"line":2,"column":26},"end":{"line":8,"column":39}},"1":{"start":{"line":2,"column":36},"end":{"line":8,"column":39}}},"fnMap":{"0":{"name":"(anonymous_0)","decl":{"start":{"line":2,"column":26},"end":{"line":2,"column":27}},"loc":{"start":{"line":2,"column":36},"end":{"line":8,"column":39}},"line":2}},"branchMap":{"0":{"loc":{"start":{"line":2,"column":36},"end":{"line":8,"column":39}},"type":"cond-expr","locations":[{"start":{"line":3,"column":38},"end":{"line":3,"column":40}},{"start":{"line":5,"column":40},"end":{"line":7,"column":43}}],"line":2},"1":{"loc":{"start":{"line":5,"column":40},"end":{"line":7,"column":43}},"type":"cond-expr","locations":[{"start":{"line":6,"column":42},"end":{"line":6,"column":43}},{"start":{"line":7,"column":42},"end":{"line":7,"column":43}}],"line":5}},"s":{"0":2,"1":26},"f":{"0":26},"b":{"0":[19,7],"1":[6,1]},"_coverageSchema":"1a1c01bbd47fc00a2c39e90264f33305004495a9","hash":"025c5f06c508f8d3b283aee3b5e068fe7f450e28"}
,"/Users/kevinwhitley/dev/kwhitley/supergeneric/utils/src/average.js": {"path":"/Users/kevinwhitley/dev/kwhitley/supergeneric/utils/src/average.js","statementMap":{"0":{"start":{"line":4,"column":23},"end":{"line":4,"column":67}},"1":{"start":{"line":4,"column":40},"end":{"line":4,"column":67}}},"fnMap":{"0":{"name":"(anonymous_0)","decl":{"start":{"line":4,"column":23},"end":{"line":4,"column":24}},"loc":{"start":{"line":4,"column":40},"end":{"line":4,"column":67}},"line":4}},"branchMap":{"0":{"loc":{"start":{"line":4,"column":24},"end":{"line":4,"column":35}},"type":"default-arg","locations":[{"start":{"line":4,"column":33},"end":{"line":4,"column":35}}],"line":4}},"s":{"0":1,"1":1},"f":{"0":1},"b":{"0":[0]},"_coverageSchema":"1a1c01bbd47fc00a2c39e90264f33305004495a9","hash":"3c970ef1cf8f2b64efcec0d41e4412b43014d4fc"}
,"/Users/kevinwhitley/dev/kwhitley/supergeneric/utils/src/binarySearch.js": {"path":"/Users/kevinwhitley/dev/kwhitley/supergeneric/utils/src/binarySearch.js","statementMap":{"0":{"start":{"line":3,"column":23},"end":{"line":3,"column":27}},"1":{"start":{"line":7,"column":28},"end":{"line":34,"column":3}},"2":{"start":{"line":8,"column":2},"end":{"line":34,"column":3}},"3":{"start":{"line":9,"column":16},"end":{"line":9,"column":17}},"4":{"start":{"line":10,"column":16},"end":{"line":10,"column":29}},"5":{"start":{"line":12,"column":21},"end":{"line":12,"column":22}},"6":{"start":{"line":14,"column":4},"end":{"line":31,"column":5}},"7":{"start":{"line":15,"column":20},"end":{"line":17,"column":36}},"8":{"start":{"line":19,"column":6},"end":{"line":22,"column":7}},"9":{"start":{"line":19,"column":28},"end":{"line":22,"column":7}},"10":{"start":{"line":24,"column":6},"end":{"line":28,"column":7}},"11":{"start":{"line":25,"column":8},"end":{"line":25,"column":24}},"12":{"start":{"line":27,"column":8},"end":{"line":27,"column":24}},"13":{"start":{"line":30,"column":6},"end":{"line":30,"column":18}},"14":{"start":{"line":33,"column":4},"end":{"line":33,"column":20}}},"fnMap":{"0":{"name":"(anonymous_0)","decl":{"start":{"line":7,"column":28},"end":{"line":7,"column":29}},"loc":{"start":{"line":8,"column":2},"end":{"line":34,"column":3}},"line":8},"1":{"name":"(anonymous_1)","decl":{"start":{"line":8,"column":2},"end":{"line":8,"column":3}},"loc":{"start":{"line":8,"column":50},"end":{"line":34,"column":3}},"line":8}},"branchMap":{"0":{"loc":{"start":{"line":7,"column":29},"end":{"line":7,"column":69}},"type":"default-arg","locations":[{"start":{"line":7,"column":38},"end":{"line":7,"column":69}}],"line":7},"1":{"loc":{"start":{"line":8,"column":3},"end":{"line":8,"column":45}},"type":"default-arg","locations":[{"start":{"line":8,"column":12},"end":{"line":8,"column":45}}],"line":8},"2":{"loc":{"start":{"line":14,"column":11},"end":{"line":14,"column":85}},"type":"binary-expr","locations":[{"start":{"line":14,"column":11},"end":{"line":14,"column":38}},{"start":{"line":14,"column":43},"end":{"line":14,"column":84}}],"line":14},"3":{"loc":{"start":{"line":15,"column":20},"end":{"line":17,"column":36}},"type":"cond-expr","locations":[{"start":{"line":16,"column":20},"end":{"line":16,"column":40}},{"start":{"line":17,"column":20},"end":{"line":17,"column":36}}],"line":15},"4":{"loc":{"start":{"line":19,"column":6},"end":{"line":22,"column":7}},"type":"if","locations":[{"start":{"line":19,"column":6},"end":{"line":22,"column":7}},{"start":{},"end":{}}],"line":19},"5":{"loc":{"start":{"line":24,"column":6},"end":{"line":28,"column":7}},"type":"if","locations":[{"start":{"line":24,"column":6},"end":{"line":28,"column":7}},{"start":{"line":26,"column":13},"end":{"line":28,"column":7}}],"line":24}},"s":{"0":1,"1":1,"2":2,"3":3,"4":3,"5":3,"6":3,"7":1020,"8":1020,"9":2,"10":1018,"11":25,"12":993,"13":1018,"14":1},"f":{"0":2,"1":3},"b":{"0":[0],"1":[0],"2":[1021,1020],"3":[10,1010],"4":[2,1018],"5":[25,993]},"_coverageSchema":"1a1c01bbd47fc00a2c39e90264f33305004495a9","hash":"bc44d445e5795feb0326bc1c09ece3a9240f510a"}
,"/Users/kevinwhitley/dev/kwhitley/supergeneric/utils/src/convert.js": {"path":"/Users/kevinwhitley/dev/kwhitley/supergeneric/utils/src/convert.js","statementMap":{"0":{"start":{"line":3,"column":23},"end":{"line":9,"column":1}},"1":{"start":{"line":4,"column":2},"end":{"line":6,"column":4}},"2":{"start":{"line":5,"column":4},"end":{"line":5,"column":28}},"3":{"start":{"line":8,"column":2},"end":{"line":8,"column":13}}},"fnMap":{"0":{"name":"(anonymous_0)","decl":{"start":{"line":3,"column":23},"end":{"line":3,"column":24}},"loc":{"start":{"line":3,"column":41},"end":{"line":9,"column":1}},"line":3},"1":{"name":"(anonymous_1)","decl":{"start":{"line":4,"column":14},"end":{"line":4,"column":15}},"loc":{"start":{"line":4,"column":20},"end":{"line":6,"column":3}},"line":4}},"branchMap":{},"s":{"0":1,"1":1,"2":1,"3":1},"f":{"0":1,"1":1},"b":{},"_coverageSchema":"1a1c01bbd47fc00a2c39e90264f33305004495a9","hash":"f4743b888b569aa81923f1c9a11f84838d0be709"}
,"/Users/kevinwhitley/dev/kwhitley/supergeneric/utils/src/dates.js": {"path":"/Users/kevinwhitley/dev/kwhitley/supergeneric/utils/src/dates.js","statementMap":{"0":{"start":{"line":2,"column":21},"end":{"line":9,"column":1}},"1":{"start":{"line":3,"column":2},"end":{"line":3,"column":25}},"2":{"start":{"line":4,"column":17},"end":{"line":4,"column":61}},"3":{"start":{"line":6,"column":2},"end":{"line":8,"column":17}}},"fnMap":{"0":{"name":"(anonymous_0)","decl":{"start":{"line":2,"column":21},"end":{"line":2,"column":22}},"loc":{"start":{"line":2,"column":37},"end":{"line":9,"column":1}},"line":2}},"branchMap":{"0":{"loc":{"start":{"line":4,"column":17},"end":{"line":4,"column":61}},"type":"binary-expr","locations":[{"start":{"line":4,"column":17},"end":{"line":4,"column":37}},{"start":{"line":4,"column":41},"end":{"line":4,"column":61}}],"line":4},"1":{"loc":{"start":{"line":6,"column":9},"end":{"line":8,"column":17}},"type":"cond-expr","locations":[{"start":{"line":7,"column":12},"end":{"line":7,"column":27}},{"start":{"line":8,"column":12},"end":{"line":8,"column":17}}],"line":6}},"s":{"0":2,"1":8,"2":8,"3":8},"f":{"0":8},"b":{"0":[8,6],"1":[4,4]},"_coverageSchema":"1a1c01bbd47fc00a2c39e90264f33305004495a9","hash":"5040542a5faac4146e3bf8f78b419f7646a8577b"}
,"/Users/kevinwhitley/dev/kwhitley/supergeneric/utils/src/descending.js": {"path":"/Users/kevinwhitley/dev/kwhitley/supergeneric/utils/src/descending.js","statementMap":{"0":{"start":{"line":2,"column":27},"end":{"line":8,"column":39}},"1":{"start":{"line":2,"column":37},"end":{"line":8,"column":39}}},"fnMap":{"0":{"name":"(anonymous_0)","decl":{"start":{"line":2,"column":27},"end":{"line":2,"column":28}},"loc":{"start":{"line":2,"column":37},"end":{"line":8,"column":39}},"line":2}},"branchMap":{"0":{"loc":{"start":{"line":2,"column":37},"end":{"line":8,"column":39}},"type":"cond-expr","locations":[{"start":{"line":3,"column":38},"end":{"line":3,"column":40}},{"start":{"line":5,"column":40},"end":{"line":7,"column":43}}],"line":2},"1":{"loc":{"start":{"line":5,"column":40},"end":{"line":7,"column":43}},"type":"cond-expr","locations":[{"start":{"line":6,"column":42},"end":{"line":6,"column":43}},{"start":{"line":7,"column":42},"end":{"line":7,"column":43}}],"line":5}},"s":{"0":1,"1":6},"f":{"0":6},"b":{"0":[3,3],"1":[3,0]},"_coverageSchema":"1a1c01bbd47fc00a2c39e90264f33305004495a9","hash":"e371ebc1f30c613d93d0261d210c76c0c5996d57"}
,"/Users/kevinwhitley/dev/kwhitley/supergeneric/utils/src/first.js": {"path":"/Users/kevinwhitley/dev/kwhitley/supergeneric/utils/src/first.js","statementMap":{"0":{"start":{"line":2,"column":22},"end":{"line":2,"column":41}},"1":{"start":{"line":2,"column":32},"end":{"line":2,"column":41}}},"fnMap":{"0":{"name":"(anonymous_0)","decl":{"start":{"line":2,"column":22},"end":{"line":2,"column":23}},"loc":{"start":{"line":2,"column":32},"end":{"line":2,"column":41}},"line":2}},"branchMap":{},"s":{"0":1,"1":1},"f":{"0":1},"b":{},"_coverageSchema":"1a1c01bbd47fc00a2c39e90264f33305004495a9","hash":"1a95a4eec0c38e9a73a7a053792ff5c3946d7854"}
,"/Users/kevinwhitley/dev/kwhitley/supergeneric/utils/src/getMilliseconds.js": {"path":"/Users/kevinwhitley/dev/kwhitley/supergeneric/utils/src/getMilliseconds.js","statementMap":{"0":{"start":{"line":1,"column":14},"end":{"line":9,"column":1}},"1":{"start":{"line":12,"column":31},"end":{"line":40,"column":1}},"2":{"start":{"line":13,"column":2},"end":{"line":15,"column":3}},"3":{"start":{"line":14,"column":4},"end":{"line":14,"column":81}},"4":{"start":{"line":17,"column":19},"end":{"line":17,"column":35}},"5":{"start":{"line":19,"column":2},"end":{"line":21,"column":3}},"6":{"start":{"line":20,"column":4},"end":{"line":20,"column":19}},"7":{"start":{"line":23,"column":2},"end":{"line":25,"column":3}},"8":{"start":{"line":24,"column":4},"end":{"line":24,"column":81}},"9":{"start":{"line":27,"column":16},"end":{"line":27,"column":54}},"10":{"start":{"line":29,"column":2},"end":{"line":37,"column":3}},"11":{"start":{"line":30,"column":16},"end":{"line":30,"column":36}},"12":{"start":{"line":31,"column":15},"end":{"line":31,"column":56}},"13":{"start":{"line":32,"column":4},"end":{"line":34,"column":5}},"14":{"start":{"line":33,"column":6},"end":{"line":33,"column":17}},"15":{"start":{"line":36,"column":4},"end":{"line":36,"column":42}},"16":{"start":{"line":39,"column":2},"end":{"line":39,"column":100}}},"fnMap":{"0":{"name":"(anonymous_0)","decl":{"start":{"line":12,"column":31},"end":{"line":12,"column":32}},"loc":{"start":{"line":12,"column":43},"end":{"line":40,"column":1}},"line":12}},"branchMap":{"0":{"loc":{"start":{"line":13,"column":2},"end":{"line":15,"column":3}},"type":"if","locations":[{"start":{"line":13,"column":2},"end":{"line":15,"column":3}},{"start":{},"end":{}}],"line":13},"1":{"loc":{"start":{"line":19,"column":2},"end":{"line":21,"column":3}},"type":"if","locations":[{"start":{"line":19,"column":2},"end":{"line":21,"column":3}},{"start":{},"end":{}}],"line":19},"2":{"loc":{"start":{"line":23,"column":2},"end":{"line":25,"column":3}},"type":"if","locations":[{"start":{"line":23,"column":2},"end":{"line":25,"column":3}},{"start":{},"end":{}}],"line":23},"3":{"loc":{"start":{"line":29,"column":2},"end":{"line":37,"column":3}},"type":"if","locations":[{"start":{"line":29,"column":2},"end":{"line":37,"column":3}},{"start":{},"end":{}}],"line":29},"4":{"loc":{"start":{"line":32,"column":4},"end":{"line":34,"column":5}},"type":"if","locations":[{"start":{"line":32,"column":4},"end":{"line":34,"column":5}},{"start":{},"end":{}}],"line":32},"5":{"loc":{"start":{"line":36,"column":12},"end":{"line":36,"column":20}},"type":"binary-expr","locations":[{"start":{"line":36,"column":12},"end":{"line":36,"column":15}},{"start":{"line":36,"column":19},"end":{"line":36,"column":20}}],"line":36},"6":{"loc":{"start":{"line":36,"column":25},"end":{"line":36,"column":41}},"type":"binary-expr","locations":[{"start":{"line":36,"column":25},"end":{"line":36,"column":36}},{"start":{"line":36,"column":40},"end":{"line":36,"column":41}}],"line":36}},"s":{"0":1,"1":1,"2":10,"3":3,"4":7,"5":7,"6":3,"7":4,"8":0,"9":4,"10":4,"11":3,"12":3,"13":3,"14":0,"15":3,"16":0},"f":{"0":10},"b":{"0":[3,7],"1":[3,4],"2":[0,4],"3":[3,0],"4":[0,3],"5":[3,0],"6":[3,0]},"_coverageSchema":"1a1c01bbd47fc00a2c39e90264f33305004495a9","hash":"fab28de02f8638519d042b091f8fe573d8b331c6"}
,"/Users/kevinwhitley/dev/kwhitley/supergeneric/utils/src/last.js": {"path":"/Users/kevinwhitley/dev/kwhitley/supergeneric/utils/src/last.js","statementMap":{"0":{"start":{"line":2,"column":21},"end":{"line":2,"column":54}},"1":{"start":{"line":2,"column":31},"end":{"line":2,"column":54}}},"fnMap":{"0":{"name":"(anonymous_0)","decl":{"start":{"line":2,"column":21},"end":{"line":2,"column":22}},"loc":{"start":{"line":2,"column":31},"end":{"line":2,"column":54}},"line":2}},"branchMap":{},"s":{"0":1,"1":1},"f":{"0":1},"b":{},"_coverageSchema":"1a1c01bbd47fc00a2c39e90264f33305004495a9","hash":"9c35bcf40f2161d642331e799cc6cdbd0139fd89"}
,"/Users/kevinwhitley/dev/kwhitley/supergeneric/utils/src/max.js": {"path":"/Users/kevinwhitley/dev/kwhitley/supergeneric/utils/src/max.js","statementMap":{"0":{"start":{"line":2,"column":19},"end":{"line":2,"column":48}},"1":{"start":{"line":2,"column":29},"end":{"line":2,"column":48}}},"fnMap":{"0":{"name":"(anonymous_0)","decl":{"start":{"line":2,"column":19},"end":{"line":2,"column":20}},"loc":{"start":{"line":2,"column":29},"end":{"line":2,"column":48}},"line":2}},"branchMap":{},"s":{"0":1,"1":1},"f":{"0":1},"b":{},"_coverageSchema":"1a1c01bbd47fc00a2c39e90264f33305004495a9","hash":"e5202550fb2ef4e2805873f5d185a36787d7a65b"}
,"/Users/kevinwhitley/dev/kwhitley/supergeneric/utils/src/median.js": {"path":"/Users/kevinwhitley/dev/kwhitley/supergeneric/utils/src/median.js","statementMap":{"0":{"start":{"line":3,"column":22},"end":{"line":12,"column":1}},"1":{"start":{"line":4,"column":17},"end":{"line":4,"column":45}},"2":{"start":{"line":5,"column":14},"end":{"line":5,"column":43}},"3":{"start":{"line":7,"column":2},"end":{"line":9,"column":3}},"4":{"start":{"line":8,"column":4},"end":{"line":8,"column":22}},"5":{"start":{"line":11,"column":2},"end":{"line":11,"column":42}}},"fnMap":{"0":{"name":"(anonymous_0)","decl":{"start":{"line":3,"column":22},"end":{"line":3,"column":23}},"loc":{"start":{"line":3,"column":32},"end":{"line":12,"column":1}},"line":3}},"branchMap":{"0":{"loc":{"start":{"line":7,"column":2},"end":{"line":9,"column":3}},"type":"if","locations":[{"start":{"line":7,"column":2},"end":{"line":9,"column":3}},{"start":{},"end":{}}],"line":7}},"s":{"0":1,"1":2,"2":2,"3":2,"4":1,"5":1},"f":{"0":2},"b":{"0":[1,1]},"_coverageSchema":"1a1c01bbd47fc00a2c39e90264f33305004495a9","hash":"0d3d79a199c136e29810d99ed10de0233ffdf70d"}
,"/Users/kevinwhitley/dev/kwhitley/supergeneric/utils/src/min.js": {"path":"/Users/kevinwhitley/dev/kwhitley/supergeneric/utils/src/min.js","statementMap":{"0":{"start":{"line":2,"column":19},"end":{"line":2,"column":48}},"1":{"start":{"line":2,"column":29},"end":{"line":2,"column":48}}},"fnMap":{"0":{"name":"(anonymous_0)","decl":{"start":{"line":2,"column":19},"end":{"line":2,"column":20}},"loc":{"start":{"line":2,"column":29},"end":{"line":2,"column":48}},"line":2}},"branchMap":{},"s":{"0":1,"1":1},"f":{"0":1},"b":{},"_coverageSchema":"1a1c01bbd47fc00a2c39e90264f33305004495a9","hash":"825ce96bc317b508354eab4f67062ecff0abf617"}
,"/Users/kevinwhitley/dev/kwhitley/supergeneric/utils/src/numbers.js": {"path":"/Users/kevinwhitley/dev/kwhitley/supergeneric/utils/src/numbers.js","statementMap":{"0":{"start":{"line":2,"column":23},"end":{"line":8,"column":1}},"1":{"start":{"line":3,"column":12},"end":{"line":3,"column":25}},"2":{"start":{"line":5,"column":2},"end":{"line":7,"column":15}}},"fnMap":{"0":{"name":"(anonymous_0)","decl":{"start":{"line":2,"column":23},"end":{"line":2,"column":24}},"loc":{"start":{"line":2,"column":32},"end":{"line":8,"column":1}},"line":2}},"branchMap":{"0":{"loc":{"start":{"line":5,"column":9},"end":{"line":7,"column":15}},"type":"cond-expr","locations":[{"start":{"line":6,"column":12},"end":{"line":6,"column":17}},{"start":{"line":7,"column":12},"end":{"line":7,"column":15}}],"line":5}},"s":{"0":1,"1":3,"2":3},"f":{"0":3},"b":{"0":[1,2]},"_coverageSchema":"1a1c01bbd47fc00a2c39e90264f33305004495a9","hash":"b73a77f16a0c90fa4cda511f11e7bfd2a1c69d8e"}
,"/Users/kevinwhitley/dev/kwhitley/supergeneric/utils/src/onlyNumbers.js": {"path":"/Users/kevinwhitley/dev/kwhitley/supergeneric/utils/src/onlyNumbers.js","statementMap":{"0":{"start":{"line":2,"column":28},"end":{"line":2,"column":68}},"1":{"start":{"line":2,"column":38},"end":{"line":2,"column":68}}},"fnMap":{"0":{"name":"(anonymous_0)","decl":{"start":{"line":2,"column":28},"end":{"line":2,"column":29}},"loc":{"start":{"line":2,"column":38},"end":{"line":2,"column":68}},"line":2}},"branchMap":{},"s":{"0":1,"1":1},"f":{"0":1},"b":{},"_coverageSchema":"1a1c01bbd47fc00a2c39e90264f33305004495a9","hash":"0019511427263f18ee271d5ff4f7ddcf6ba9c4eb"}
,"/Users/kevinwhitley/dev/kwhitley/supergeneric/utils/src/random.js": {"path":"/Users/kevinwhitley/dev/kwhitley/supergeneric/utils/src/random.js","statementMap":{"0":{"start":{"line":2,"column":22},"end":{"line":2,"column":85}},"1":{"start":{"line":2,"column":36},"end":{"line":2,"column":85}}},"fnMap":{"0":{"name":"(anonymous_0)","decl":{"start":{"line":2,"column":22},"end":{"line":2,"column":23}},"loc":{"start":{"line":2,"column":36},"end":{"line":2,"column":85}},"line":2}},"branchMap":{},"s":{"0":1,"1":1},"f":{"0":1},"b":{},"_coverageSchema":"1a1c01bbd47fc00a2c39e90264f33305004495a9","hash":"d20123dd2ec0427681c28a8378a081c571b92600"}
,"/Users/kevinwhitley/dev/kwhitley/supergeneric/utils/src/randomItem.js": {"path":"/Users/kevinwhitley/dev/kwhitley/supergeneric/utils/src/randomItem.js","statementMap":{"0":{"start":{"line":4,"column":26},"end":{"line":4,"column":67}},"1":{"start":{"line":4,"column":35},"end":{"line":4,"column":67}}},"fnMap":{"0":{"name":"(anonymous_0)","decl":{"start":{"line":4,"column":26},"end":{"line":4,"column":27}},"loc":{"start":{"line":4,"column":35},"end":{"line":4,"column":67}},"line":4}},"branchMap":{},"s":{"0":1,"1":1},"f":{"0":1},"b":{},"_coverageSchema":"1a1c01bbd47fc00a2c39e90264f33305004495a9","hash":"5c7ea1b8beb7b926784f16e1528c162139b8c368"}
,"/Users/kevinwhitley/dev/kwhitley/supergeneric/utils/src/recurse.js": {"path":"/Users/kevinwhitley/dev/kwhitley/supergeneric/utils/src/recurse.js","statementMap":{"0":{"start":{"line":1,"column":23},"end":{"line":11,"column":1}},"1":{"start":{"line":1,"column":29},"end":{"line":11,"column":1}},"2":{"start":{"line":2,"column":2},"end":{"line":4,"column":3}},"3":{"start":{"line":3,"column":4},"end":{"line":3,"column":32}},"4":{"start":{"line":6,"column":2},"end":{"line":8,"column":3}},"5":{"start":{"line":7,"column":4},"end":{"line":7,"column":34}},"6":{"start":{"line":10,"column":2},"end":{"line":10,"column":13}}},"fnMap":{"0":{"name":"(anonymous_0)","decl":{"start":{"line":1,"column":23},"end":{"line":1,"column":24}},"loc":{"start":{"line":1,"column":29},"end":{"line":11,"column":1}},"line":1},"1":{"name":"(anonymous_1)","decl":{"start":{"line":1,"column":29},"end":{"line":1,"column":30}},"loc":{"start":{"line":1,"column":37},"end":{"line":11,"column":1}},"line":1}},"branchMap":{"0":{"loc":{"start":{"line":2,"column":2},"end":{"line":4,"column":3}},"type":"if","locations":[{"start":{"line":2,"column":2},"end":{"line":4,"column":3}},{"start":{},"end":{}}],"line":2}},"s":{"0":1,"1":2,"2":2,"3":1,"4":1,"5":5,"6":1},"f":{"0":2,"1":2},"b":{"0":[1,1]},"_coverageSchema":"1a1c01bbd47fc00a2c39e90264f33305004495a9","hash":"47ad5817df201a107e97d01cd72b5aa431982f4b"}
,"/Users/kevinwhitley/dev/kwhitley/supergeneric/utils/src/required.js": {"path":"/Users/kevinwhitley/dev/kwhitley/supergeneric/utils/src/required.js","statementMap":{"0":{"start":{"line":2,"column":24},"end":{"line":4,"column":1}},"1":{"start":{"line":3,"column":2},"end":{"line":3,"column":26}}},"fnMap":{"0":{"name":"(anonymous_0)","decl":{"start":{"line":2,"column":24},"end":{"line":2,"column":25}},"loc":{"start":{"line":2,"column":35},"end":{"line":4,"column":1}},"line":2}},"branchMap":{},"s":{"0":1,"1":0},"f":{"0":0},"b":{},"_coverageSchema":"1a1c01bbd47fc00a2c39e90264f33305004495a9","hash":"b0ee863455d93b63f31e6954861b6893ba756fc4"}
,"/Users/kevinwhitley/dev/kwhitley/supergeneric/utils/src/sortBy.js": {"path":"/Users/kevinwhitley/dev/kwhitley/supergeneric/utils/src/sortBy.js","statementMap":{"0":{"start":{"line":10,"column":23},"end":{"line":25,"column":15}},"1":{"start":{"line":11,"column":2},"end":{"line":25,"column":15}},"2":{"start":{"line":11,"column":12},"end":{"line":25,"column":15}}},"fnMap":{"0":{"name":"(anonymous_0)","decl":{"start":{"line":10,"column":23},"end":{"line":10,"column":24}},"loc":{"start":{"line":11,"column":2},"end":{"line":25,"column":15}},"line":11},"1":{"name":"(anonymous_1)","decl":{"start":{"line":11,"column":2},"end":{"line":11,"column":3}},"loc":{"start":{"line":11,"column":12},"end":{"line":25,"column":15}},"line":11}},"branchMap":{"0":{"loc":{"start":{"line":10,"column":29},"end":{"line":10,"column":56}},"type":"default-arg","locations":[{"start":{"line":10,"column":54},"end":{"line":10,"column":56}}],"line":10},"1":{"loc":{"start":{"line":10,"column":31},"end":{"line":10,"column":49}},"type":"default-arg","locations":[{"start":{"line":10,"column":44},"end":{"line":10,"column":49}}],"line":10},"2":{"loc":{"start":{"line":11,"column":12},"end":{"line":25,"column":15}},"type":"cond-expr","locations":[{"start":{"line":13,"column":16},"end":{"line":15,"column":20}},{"start":{"line":18,"column":16},"end":{"line":24,"column":19}}],"line":11},"3":{"loc":{"start":{"line":13,"column":16},"end":{"line":15,"column":20}},"type":"cond-expr","locations":[{"start":{"line":14,"column":18},"end":{"line":14,"column":19}},{"start":{"line":15,"column":18},"end":{"line":15,"column":20}}],"line":13},"4":{"loc":{"start":{"line":18,"column":16},"end":{"line":24,"column":19}},"type":"cond-expr","locations":[{"start":{"line":20,"column":20},"end":{"line":22,"column":23}},{"start":{"line":24,"column":18},"end":{"line":24,"column":19}}],"line":18},"5":{"loc":{"start":{"line":20,"column":20},"end":{"line":22,"column":23}},"type":"cond-expr","locations":[{"start":{"line":21,"column":22},"end":{"line":21,"column":24}},{"start":{"line":22,"column":22},"end":{"line":22,"column":23}}],"line":20}},"s":{"0":1,"1":2,"2":9},"f":{"0":2,"1":9},"b":{"0":[1],"1":[1],"2":[5,4],"3":[0,5],"4":[4,0],"5":[3,1]},"_coverageSchema":"1a1c01bbd47fc00a2c39e90264f33305004495a9","hash":"c77cc844c6f049eb3c378a3834738ec2785667a5"}
,"/Users/kevinwhitley/dev/kwhitley/supergeneric/utils/src/sum.js": {"path":"/Users/kevinwhitley/dev/kwhitley/supergeneric/utils/src/sum.js","statementMap":{"0":{"start":{"line":2,"column":19},"end":{"line":10,"column":1}},"1":{"start":{"line":3,"column":12},"end":{"line":3,"column":13}},"2":{"start":{"line":5,"column":2},"end":{"line":7,"column":3}},"3":{"start":{"line":6,"column":4},"end":{"line":6,"column":12}},"4":{"start":{"line":9,"column":2},"end":{"line":9,"column":12}}},"fnMap":{"0":{"name":"(anonymous_0)","decl":{"start":{"line":2,"column":19},"end":{"line":2,"column":20}},"loc":{"start":{"line":2,"column":29},"end":{"line":10,"column":1}},"line":2}},"branchMap":{},"s":{"0":2,"1":2,"2":2,"3":8,"4":2},"f":{"0":2},"b":{},"_coverageSchema":"1a1c01bbd47fc00a2c39e90264f33305004495a9","hash":"00c80ade32c64e4d9849e82af531762a9c41f162"}
}
