{"/Users/kevinwhitley/dev/kwhitley/supergeneric/src/ascending.js": {"path":"/Users/kevinwhitley/dev/kwhitley/supergeneric/src/ascending.js","statementMap":{"0":{"start":{"line":2,"column":26},"end":{"line":8,"column":39}},"1":{"start":{"line":2,"column":36},"end":{"line":8,"column":39}}},"fnMap":{"0":{"name":"(anonymous_0)","decl":{"start":{"line":2,"column":26},"end":{"line":2,"column":27}},"loc":{"start":{"line":2,"column":36},"end":{"line":8,"column":39}},"line":2}},"branchMap":{"0":{"loc":{"start":{"line":2,"column":36},"end":{"line":8,"column":39}},"type":"cond-expr","locations":[{"start":{"line":3,"column":38},"end":{"line":3,"column":40}},{"start":{"line":5,"column":40},"end":{"line":7,"column":43}}],"line":2},"1":{"loc":{"start":{"line":5,"column":40},"end":{"line":7,"column":43}},"type":"cond-expr","locations":[{"start":{"line":6,"column":42},"end":{"line":6,"column":43}},{"start":{"line":7,"column":42},"end":{"line":7,"column":43}}],"line":5}},"s":{"0":2,"1":26},"f":{"0":26},"b":{"0":[19,7],"1":[6,1]},"_coverageSchema":"1a1c01bbd47fc00a2c39e90264f33305004495a9","hash":"aa768c9ee8b5b324fab2c0f1ac6a5496b6505afc"}
,"/Users/kevinwhitley/dev/kwhitley/supergeneric/src/average.js": {"path":"/Users/kevinwhitley/dev/kwhitley/supergeneric/src/average.js","statementMap":{"0":{"start":{"line":4,"column":23},"end":{"line":4,"column":67}},"1":{"start":{"line":4,"column":40},"end":{"line":4,"column":67}}},"fnMap":{"0":{"name":"(anonymous_0)","decl":{"start":{"line":4,"column":23},"end":{"line":4,"column":24}},"loc":{"start":{"line":4,"column":40},"end":{"line":4,"column":67}},"line":4}},"branchMap":{"0":{"loc":{"start":{"line":4,"column":24},"end":{"line":4,"column":35}},"type":"default-arg","locations":[{"start":{"line":4,"column":33},"end":{"line":4,"column":35}}],"line":4}},"s":{"0":1,"1":1},"f":{"0":1},"b":{"0":[0]},"_coverageSchema":"1a1c01bbd47fc00a2c39e90264f33305004495a9","hash":"ba12b7183ad9148c93b92ae4c80216bd8f97d161"}
,"/Users/kevinwhitley/dev/kwhitley/supergeneric/src/binarySearch.js": {"path":"/Users/kevinwhitley/dev/kwhitley/supergeneric/src/binarySearch.js","statementMap":{"0":{"start":{"line":3,"column":23},"end":{"line":3,"column":27}},"1":{"start":{"line":7,"column":28},"end":{"line":34,"column":3}},"2":{"start":{"line":8,"column":2},"end":{"line":34,"column":3}},"3":{"start":{"line":9,"column":16},"end":{"line":9,"column":17}},"4":{"start":{"line":10,"column":16},"end":{"line":10,"column":29}},"5":{"start":{"line":12,"column":21},"end":{"line":12,"column":22}},"6":{"start":{"line":14,"column":4},"end":{"line":31,"column":5}},"7":{"start":{"line":15,"column":20},"end":{"line":17,"column":36}},"8":{"start":{"line":19,"column":6},"end":{"line":22,"column":7}},"9":{"start":{"line":19,"column":28},"end":{"line":22,"column":7}},"10":{"start":{"line":24,"column":6},"end":{"line":28,"column":7}},"11":{"start":{"line":25,"column":8},"end":{"line":25,"column":24}},"12":{"start":{"line":27,"column":8},"end":{"line":27,"column":24}},"13":{"start":{"line":30,"column":6},"end":{"line":30,"column":18}},"14":{"start":{"line":33,"column":4},"end":{"line":33,"column":20}}},"fnMap":{"0":{"name":"(anonymous_0)","decl":{"start":{"line":7,"column":28},"end":{"line":7,"column":29}},"loc":{"start":{"line":8,"column":2},"end":{"line":34,"column":3}},"line":8},"1":{"name":"(anonymous_1)","decl":{"start":{"line":8,"column":2},"end":{"line":8,"column":3}},"loc":{"start":{"line":8,"column":50},"end":{"line":34,"column":3}},"line":8}},"branchMap":{"0":{"loc":{"start":{"line":7,"column":29},"end":{"line":7,"column":69}},"type":"default-arg","locations":[{"start":{"line":7,"column":38},"end":{"line":7,"column":69}}],"line":7},"1":{"loc":{"start":{"line":8,"column":3},"end":{"line":8,"column":45}},"type":"default-arg","locations":[{"start":{"line":8,"column":12},"end":{"line":8,"column":45}}],"line":8},"2":{"loc":{"start":{"line":14,"column":11},"end":{"line":14,"column":85}},"type":"binary-expr","locations":[{"start":{"line":14,"column":11},"end":{"line":14,"column":38}},{"start":{"line":14,"column":43},"end":{"line":14,"column":84}}],"line":14},"3":{"loc":{"start":{"line":15,"column":20},"end":{"line":17,"column":36}},"type":"cond-expr","locations":[{"start":{"line":16,"column":20},"end":{"line":16,"column":40}},{"start":{"line":17,"column":20},"end":{"line":17,"column":36}}],"line":15},"4":{"loc":{"start":{"line":19,"column":6},"end":{"line":22,"column":7}},"type":"if","locations":[{"start":{"line":19,"column":6},"end":{"line":22,"column":7}},{"start":{},"end":{}}],"line":19},"5":{"loc":{"start":{"line":24,"column":6},"end":{"line":28,"column":7}},"type":"if","locations":[{"start":{"line":24,"column":6},"end":{"line":28,"column":7}},{"start":{"line":26,"column":13},"end":{"line":28,"column":7}}],"line":24}},"s":{"0":1,"1":1,"2":2,"3":3,"4":3,"5":3,"6":3,"7":1020,"8":1020,"9":2,"10":1018,"11":25,"12":993,"13":1018,"14":1},"f":{"0":2,"1":3},"b":{"0":[0],"1":[0],"2":[1021,1020],"3":[10,1010],"4":[2,1018],"5":[25,993]},"_coverageSchema":"1a1c01bbd47fc00a2c39e90264f33305004495a9","hash":"aa11c4d442cc38c5a1c7ada0c9ad3afcac94228d"}
,"/Users/kevinwhitley/dev/kwhitley/supergeneric/src/convert.js": {"path":"/Users/kevinwhitley/dev/kwhitley/supergeneric/src/convert.js","statementMap":{"0":{"start":{"line":3,"column":23},"end":{"line":9,"column":1}},"1":{"start":{"line":4,"column":2},"end":{"line":6,"column":4}},"2":{"start":{"line":5,"column":4},"end":{"line":5,"column":28}},"3":{"start":{"line":8,"column":2},"end":{"line":8,"column":13}}},"fnMap":{"0":{"name":"(anonymous_0)","decl":{"start":{"line":3,"column":23},"end":{"line":3,"column":24}},"loc":{"start":{"line":3,"column":41},"end":{"line":9,"column":1}},"line":3},"1":{"name":"(anonymous_1)","decl":{"start":{"line":4,"column":14},"end":{"line":4,"column":15}},"loc":{"start":{"line":4,"column":20},"end":{"line":6,"column":3}},"line":4}},"branchMap":{},"s":{"0":1,"1":1,"2":1,"3":1},"f":{"0":1,"1":1},"b":{},"_coverageSchema":"1a1c01bbd47fc00a2c39e90264f33305004495a9","hash":"48419afe9988afdaa2a248fc547c42bfbbda56a4"}
,"/Users/kevinwhitley/dev/kwhitley/supergeneric/src/dates.js": {"path":"/Users/kevinwhitley/dev/kwhitley/supergeneric/src/dates.js","statementMap":{"0":{"start":{"line":2,"column":21},"end":{"line":9,"column":1}},"1":{"start":{"line":3,"column":2},"end":{"line":3,"column":25}},"2":{"start":{"line":4,"column":17},"end":{"line":4,"column":61}},"3":{"start":{"line":6,"column":2},"end":{"line":8,"column":17}}},"fnMap":{"0":{"name":"(anonymous_0)","decl":{"start":{"line":2,"column":21},"end":{"line":2,"column":22}},"loc":{"start":{"line":2,"column":37},"end":{"line":9,"column":1}},"line":2}},"branchMap":{"0":{"loc":{"start":{"line":4,"column":17},"end":{"line":4,"column":61}},"type":"binary-expr","locations":[{"start":{"line":4,"column":17},"end":{"line":4,"column":37}},{"start":{"line":4,"column":41},"end":{"line":4,"column":61}}],"line":4},"1":{"loc":{"start":{"line":6,"column":9},"end":{"line":8,"column":17}},"type":"cond-expr","locations":[{"start":{"line":7,"column":12},"end":{"line":7,"column":27}},{"start":{"line":8,"column":12},"end":{"line":8,"column":17}}],"line":6}},"s":{"0":2,"1":8,"2":8,"3":8},"f":{"0":8},"b":{"0":[8,6],"1":[4,4]},"_coverageSchema":"1a1c01bbd47fc00a2c39e90264f33305004495a9","hash":"e06267e0bd40d3208075c223cb405b30742f7e56"}
,"/Users/kevinwhitley/dev/kwhitley/supergeneric/src/descending.js": {"path":"/Users/kevinwhitley/dev/kwhitley/supergeneric/src/descending.js","statementMap":{"0":{"start":{"line":2,"column":27},"end":{"line":8,"column":39}},"1":{"start":{"line":2,"column":37},"end":{"line":8,"column":39}}},"fnMap":{"0":{"name":"(anonymous_0)","decl":{"start":{"line":2,"column":27},"end":{"line":2,"column":28}},"loc":{"start":{"line":2,"column":37},"end":{"line":8,"column":39}},"line":2}},"branchMap":{"0":{"loc":{"start":{"line":2,"column":37},"end":{"line":8,"column":39}},"type":"cond-expr","locations":[{"start":{"line":3,"column":38},"end":{"line":3,"column":40}},{"start":{"line":5,"column":40},"end":{"line":7,"column":43}}],"line":2},"1":{"loc":{"start":{"line":5,"column":40},"end":{"line":7,"column":43}},"type":"cond-expr","locations":[{"start":{"line":6,"column":42},"end":{"line":6,"column":43}},{"start":{"line":7,"column":42},"end":{"line":7,"column":43}}],"line":5}},"s":{"0":1,"1":6},"f":{"0":6},"b":{"0":[3,3],"1":[3,0]},"_coverageSchema":"1a1c01bbd47fc00a2c39e90264f33305004495a9","hash":"41ed2bf84d06692803aa062472f7284157d728f7"}
,"/Users/kevinwhitley/dev/kwhitley/supergeneric/src/first.js": {"path":"/Users/kevinwhitley/dev/kwhitley/supergeneric/src/first.js","statementMap":{"0":{"start":{"line":2,"column":22},"end":{"line":2,"column":41}},"1":{"start":{"line":2,"column":32},"end":{"line":2,"column":41}}},"fnMap":{"0":{"name":"(anonymous_0)","decl":{"start":{"line":2,"column":22},"end":{"line":2,"column":23}},"loc":{"start":{"line":2,"column":32},"end":{"line":2,"column":41}},"line":2}},"branchMap":{},"s":{"0":1,"1":1},"f":{"0":1},"b":{},"_coverageSchema":"1a1c01bbd47fc00a2c39e90264f33305004495a9","hash":"43449d0a96645e741293cdef83d58c421ef97d4f"}
,"/Users/kevinwhitley/dev/kwhitley/supergeneric/src/getMilliseconds.js": {"path":"/Users/kevinwhitley/dev/kwhitley/supergeneric/src/getMilliseconds.js","statementMap":{"0":{"start":{"line":1,"column":14},"end":{"line":9,"column":1}},"1":{"start":{"line":12,"column":31},"end":{"line":40,"column":1}},"2":{"start":{"line":13,"column":2},"end":{"line":15,"column":3}},"3":{"start":{"line":14,"column":4},"end":{"line":14,"column":81}},"4":{"start":{"line":17,"column":19},"end":{"line":17,"column":35}},"5":{"start":{"line":19,"column":2},"end":{"line":21,"column":3}},"6":{"start":{"line":20,"column":4},"end":{"line":20,"column":19}},"7":{"start":{"line":23,"column":2},"end":{"line":25,"column":3}},"8":{"start":{"line":24,"column":4},"end":{"line":24,"column":81}},"9":{"start":{"line":27,"column":16},"end":{"line":27,"column":54}},"10":{"start":{"line":29,"column":2},"end":{"line":37,"column":3}},"11":{"start":{"line":30,"column":16},"end":{"line":30,"column":36}},"12":{"start":{"line":31,"column":15},"end":{"line":31,"column":56}},"13":{"start":{"line":32,"column":4},"end":{"line":34,"column":5}},"14":{"start":{"line":33,"column":6},"end":{"line":33,"column":17}},"15":{"start":{"line":36,"column":4},"end":{"line":36,"column":42}},"16":{"start":{"line":39,"column":2},"end":{"line":39,"column":100}}},"fnMap":{"0":{"name":"(anonymous_0)","decl":{"start":{"line":12,"column":31},"end":{"line":12,"column":32}},"loc":{"start":{"line":12,"column":43},"end":{"line":40,"column":1}},"line":12}},"branchMap":{"0":{"loc":{"start":{"line":13,"column":2},"end":{"line":15,"column":3}},"type":"if","locations":[{"start":{"line":13,"column":2},"end":{"line":15,"column":3}},{"start":{},"end":{}}],"line":13},"1":{"loc":{"start":{"line":19,"column":2},"end":{"line":21,"column":3}},"type":"if","locations":[{"start":{"line":19,"column":2},"end":{"line":21,"column":3}},{"start":{},"end":{}}],"line":19},"2":{"loc":{"start":{"line":23,"column":2},"end":{"line":25,"column":3}},"type":"if","locations":[{"start":{"line":23,"column":2},"end":{"line":25,"column":3}},{"start":{},"end":{}}],"line":23},"3":{"loc":{"start":{"line":29,"column":2},"end":{"line":37,"column":3}},"type":"if","locations":[{"start":{"line":29,"column":2},"end":{"line":37,"column":3}},{"start":{},"end":{}}],"line":29},"4":{"loc":{"start":{"line":32,"column":4},"end":{"line":34,"column":5}},"type":"if","locations":[{"start":{"line":32,"column":4},"end":{"line":34,"column":5}},{"start":{},"end":{}}],"line":32},"5":{"loc":{"start":{"line":36,"column":12},"end":{"line":36,"column":20}},"type":"binary-expr","locations":[{"start":{"line":36,"column":12},"end":{"line":36,"column":15}},{"start":{"line":36,"column":19},"end":{"line":36,"column":20}}],"line":36},"6":{"loc":{"start":{"line":36,"column":25},"end":{"line":36,"column":41}},"type":"binary-expr","locations":[{"start":{"line":36,"column":25},"end":{"line":36,"column":36}},{"start":{"line":36,"column":40},"end":{"line":36,"column":41}}],"line":36}},"s":{"0":1,"1":1,"2":10,"3":3,"4":7,"5":7,"6":3,"7":4,"8":0,"9":4,"10":4,"11":3,"12":3,"13":3,"14":0,"15":3,"16":0},"f":{"0":10},"b":{"0":[3,7],"1":[3,4],"2":[0,4],"3":[3,0],"4":[0,3],"5":[3,0],"6":[3,0]},"_coverageSchema":"1a1c01bbd47fc00a2c39e90264f33305004495a9","hash":"f2fa562e8a0286399eb4ba5fcd24c16fb1ed3575"}
,"/Users/kevinwhitley/dev/kwhitley/supergeneric/src/last.js": {"path":"/Users/kevinwhitley/dev/kwhitley/supergeneric/src/last.js","statementMap":{"0":{"start":{"line":2,"column":21},"end":{"line":2,"column":54}},"1":{"start":{"line":2,"column":31},"end":{"line":2,"column":54}}},"fnMap":{"0":{"name":"(anonymous_0)","decl":{"start":{"line":2,"column":21},"end":{"line":2,"column":22}},"loc":{"start":{"line":2,"column":31},"end":{"line":2,"column":54}},"line":2}},"branchMap":{},"s":{"0":1,"1":1},"f":{"0":1},"b":{},"_coverageSchema":"1a1c01bbd47fc00a2c39e90264f33305004495a9","hash":"0bf0e03b355294bb44032df794e10927c0ef2500"}
,"/Users/kevinwhitley/dev/kwhitley/supergeneric/src/max.js": {"path":"/Users/kevinwhitley/dev/kwhitley/supergeneric/src/max.js","statementMap":{"0":{"start":{"line":2,"column":19},"end":{"line":2,"column":48}},"1":{"start":{"line":2,"column":29},"end":{"line":2,"column":48}}},"fnMap":{"0":{"name":"(anonymous_0)","decl":{"start":{"line":2,"column":19},"end":{"line":2,"column":20}},"loc":{"start":{"line":2,"column":29},"end":{"line":2,"column":48}},"line":2}},"branchMap":{},"s":{"0":1,"1":1},"f":{"0":1},"b":{},"_coverageSchema":"1a1c01bbd47fc00a2c39e90264f33305004495a9","hash":"f83f7ef3544a818cad4a0dbc02f134e8e4c2d369"}
,"/Users/kevinwhitley/dev/kwhitley/supergeneric/src/median.js": {"path":"/Users/kevinwhitley/dev/kwhitley/supergeneric/src/median.js","statementMap":{"0":{"start":{"line":3,"column":22},"end":{"line":12,"column":1}},"1":{"start":{"line":4,"column":17},"end":{"line":4,"column":45}},"2":{"start":{"line":5,"column":14},"end":{"line":5,"column":43}},"3":{"start":{"line":7,"column":2},"end":{"line":9,"column":3}},"4":{"start":{"line":8,"column":4},"end":{"line":8,"column":22}},"5":{"start":{"line":11,"column":2},"end":{"line":11,"column":42}}},"fnMap":{"0":{"name":"(anonymous_0)","decl":{"start":{"line":3,"column":22},"end":{"line":3,"column":23}},"loc":{"start":{"line":3,"column":32},"end":{"line":12,"column":1}},"line":3}},"branchMap":{"0":{"loc":{"start":{"line":7,"column":2},"end":{"line":9,"column":3}},"type":"if","locations":[{"start":{"line":7,"column":2},"end":{"line":9,"column":3}},{"start":{},"end":{}}],"line":7}},"s":{"0":1,"1":2,"2":2,"3":2,"4":1,"5":1},"f":{"0":2},"b":{"0":[1,1]},"_coverageSchema":"1a1c01bbd47fc00a2c39e90264f33305004495a9","hash":"6ec984e073c5ee63b8885622e85f38f76c7b3ad4"}
,"/Users/kevinwhitley/dev/kwhitley/supergeneric/src/min.js": {"path":"/Users/kevinwhitley/dev/kwhitley/supergeneric/src/min.js","statementMap":{"0":{"start":{"line":2,"column":19},"end":{"line":2,"column":48}},"1":{"start":{"line":2,"column":29},"end":{"line":2,"column":48}}},"fnMap":{"0":{"name":"(anonymous_0)","decl":{"start":{"line":2,"column":19},"end":{"line":2,"column":20}},"loc":{"start":{"line":2,"column":29},"end":{"line":2,"column":48}},"line":2}},"branchMap":{},"s":{"0":1,"1":1},"f":{"0":1},"b":{},"_coverageSchema":"1a1c01bbd47fc00a2c39e90264f33305004495a9","hash":"d8d3980057fa4bd0b03202e8013303a3a347c4d2"}
,"/Users/kevinwhitley/dev/kwhitley/supergeneric/src/numbers.js": {"path":"/Users/kevinwhitley/dev/kwhitley/supergeneric/src/numbers.js","statementMap":{"0":{"start":{"line":2,"column":23},"end":{"line":8,"column":1}},"1":{"start":{"line":3,"column":12},"end":{"line":3,"column":25}},"2":{"start":{"line":5,"column":2},"end":{"line":7,"column":15}}},"fnMap":{"0":{"name":"(anonymous_0)","decl":{"start":{"line":2,"column":23},"end":{"line":2,"column":24}},"loc":{"start":{"line":2,"column":32},"end":{"line":8,"column":1}},"line":2}},"branchMap":{"0":{"loc":{"start":{"line":5,"column":9},"end":{"line":7,"column":15}},"type":"cond-expr","locations":[{"start":{"line":6,"column":12},"end":{"line":6,"column":17}},{"start":{"line":7,"column":12},"end":{"line":7,"column":15}}],"line":5}},"s":{"0":1,"1":3,"2":3},"f":{"0":3},"b":{"0":[1,2]},"_coverageSchema":"1a1c01bbd47fc00a2c39e90264f33305004495a9","hash":"2e582dd41dbc60f4363f832181d7f02d40a3caf0"}
,"/Users/kevinwhitley/dev/kwhitley/supergeneric/src/onlyNumbers.js": {"path":"/Users/kevinwhitley/dev/kwhitley/supergeneric/src/onlyNumbers.js","statementMap":{"0":{"start":{"line":2,"column":28},"end":{"line":2,"column":68}},"1":{"start":{"line":2,"column":38},"end":{"line":2,"column":68}}},"fnMap":{"0":{"name":"(anonymous_0)","decl":{"start":{"line":2,"column":28},"end":{"line":2,"column":29}},"loc":{"start":{"line":2,"column":38},"end":{"line":2,"column":68}},"line":2}},"branchMap":{},"s":{"0":1,"1":1},"f":{"0":1},"b":{},"_coverageSchema":"1a1c01bbd47fc00a2c39e90264f33305004495a9","hash":"c192525b97460f86da255df495e214d81f736eb7"}
,"/Users/kevinwhitley/dev/kwhitley/supergeneric/src/random.js": {"path":"/Users/kevinwhitley/dev/kwhitley/supergeneric/src/random.js","statementMap":{"0":{"start":{"line":2,"column":22},"end":{"line":2,"column":85}},"1":{"start":{"line":2,"column":36},"end":{"line":2,"column":85}}},"fnMap":{"0":{"name":"(anonymous_0)","decl":{"start":{"line":2,"column":22},"end":{"line":2,"column":23}},"loc":{"start":{"line":2,"column":36},"end":{"line":2,"column":85}},"line":2}},"branchMap":{},"s":{"0":1,"1":1},"f":{"0":1},"b":{},"_coverageSchema":"1a1c01bbd47fc00a2c39e90264f33305004495a9","hash":"c180cda12ade0bf363a4640bbbced4466b22c9f6"}
,"/Users/kevinwhitley/dev/kwhitley/supergeneric/src/randomItem.js": {"path":"/Users/kevinwhitley/dev/kwhitley/supergeneric/src/randomItem.js","statementMap":{"0":{"start":{"line":4,"column":26},"end":{"line":4,"column":67}},"1":{"start":{"line":4,"column":35},"end":{"line":4,"column":67}}},"fnMap":{"0":{"name":"(anonymous_0)","decl":{"start":{"line":4,"column":26},"end":{"line":4,"column":27}},"loc":{"start":{"line":4,"column":35},"end":{"line":4,"column":67}},"line":4}},"branchMap":{},"s":{"0":1,"1":1},"f":{"0":1},"b":{},"_coverageSchema":"1a1c01bbd47fc00a2c39e90264f33305004495a9","hash":"78a95cf046cc279a85b23c936b043ac56ae836b6"}
,"/Users/kevinwhitley/dev/kwhitley/supergeneric/src/recurse.js": {"path":"/Users/kevinwhitley/dev/kwhitley/supergeneric/src/recurse.js","statementMap":{"0":{"start":{"line":1,"column":23},"end":{"line":11,"column":1}},"1":{"start":{"line":1,"column":29},"end":{"line":11,"column":1}},"2":{"start":{"line":2,"column":2},"end":{"line":4,"column":3}},"3":{"start":{"line":3,"column":4},"end":{"line":3,"column":32}},"4":{"start":{"line":6,"column":2},"end":{"line":8,"column":3}},"5":{"start":{"line":7,"column":4},"end":{"line":7,"column":34}},"6":{"start":{"line":10,"column":2},"end":{"line":10,"column":13}}},"fnMap":{"0":{"name":"(anonymous_0)","decl":{"start":{"line":1,"column":23},"end":{"line":1,"column":24}},"loc":{"start":{"line":1,"column":29},"end":{"line":11,"column":1}},"line":1},"1":{"name":"(anonymous_1)","decl":{"start":{"line":1,"column":29},"end":{"line":1,"column":30}},"loc":{"start":{"line":1,"column":37},"end":{"line":11,"column":1}},"line":1}},"branchMap":{"0":{"loc":{"start":{"line":2,"column":2},"end":{"line":4,"column":3}},"type":"if","locations":[{"start":{"line":2,"column":2},"end":{"line":4,"column":3}},{"start":{},"end":{}}],"line":2}},"s":{"0":1,"1":2,"2":2,"3":1,"4":1,"5":5,"6":1},"f":{"0":2,"1":2},"b":{"0":[1,1]},"_coverageSchema":"1a1c01bbd47fc00a2c39e90264f33305004495a9","hash":"51bc22ab815a3498114a849e6632a7c46ffdafda"}
,"/Users/kevinwhitley/dev/kwhitley/supergeneric/src/required.js": {"path":"/Users/kevinwhitley/dev/kwhitley/supergeneric/src/required.js","statementMap":{"0":{"start":{"line":2,"column":24},"end":{"line":4,"column":1}},"1":{"start":{"line":3,"column":2},"end":{"line":3,"column":26}}},"fnMap":{"0":{"name":"(anonymous_0)","decl":{"start":{"line":2,"column":24},"end":{"line":2,"column":25}},"loc":{"start":{"line":2,"column":35},"end":{"line":4,"column":1}},"line":2}},"branchMap":{},"s":{"0":1,"1":0},"f":{"0":0},"b":{},"_coverageSchema":"1a1c01bbd47fc00a2c39e90264f33305004495a9","hash":"22df6775e067f4932b1f4a49fb79bed1501b005c"}
,"/Users/kevinwhitley/dev/kwhitley/supergeneric/src/sortBy.js": {"path":"/Users/kevinwhitley/dev/kwhitley/supergeneric/src/sortBy.js","statementMap":{"0":{"start":{"line":10,"column":23},"end":{"line":25,"column":15}},"1":{"start":{"line":11,"column":2},"end":{"line":25,"column":15}},"2":{"start":{"line":11,"column":12},"end":{"line":25,"column":15}}},"fnMap":{"0":{"name":"(anonymous_0)","decl":{"start":{"line":10,"column":23},"end":{"line":10,"column":24}},"loc":{"start":{"line":11,"column":2},"end":{"line":25,"column":15}},"line":11},"1":{"name":"(anonymous_1)","decl":{"start":{"line":11,"column":2},"end":{"line":11,"column":3}},"loc":{"start":{"line":11,"column":12},"end":{"line":25,"column":15}},"line":11}},"branchMap":{"0":{"loc":{"start":{"line":10,"column":29},"end":{"line":10,"column":56}},"type":"default-arg","locations":[{"start":{"line":10,"column":54},"end":{"line":10,"column":56}}],"line":10},"1":{"loc":{"start":{"line":10,"column":31},"end":{"line":10,"column":49}},"type":"default-arg","locations":[{"start":{"line":10,"column":44},"end":{"line":10,"column":49}}],"line":10},"2":{"loc":{"start":{"line":11,"column":12},"end":{"line":25,"column":15}},"type":"cond-expr","locations":[{"start":{"line":13,"column":16},"end":{"line":15,"column":20}},{"start":{"line":18,"column":16},"end":{"line":24,"column":19}}],"line":11},"3":{"loc":{"start":{"line":13,"column":16},"end":{"line":15,"column":20}},"type":"cond-expr","locations":[{"start":{"line":14,"column":18},"end":{"line":14,"column":19}},{"start":{"line":15,"column":18},"end":{"line":15,"column":20}}],"line":13},"4":{"loc":{"start":{"line":18,"column":16},"end":{"line":24,"column":19}},"type":"cond-expr","locations":[{"start":{"line":20,"column":20},"end":{"line":22,"column":23}},{"start":{"line":24,"column":18},"end":{"line":24,"column":19}}],"line":18},"5":{"loc":{"start":{"line":20,"column":20},"end":{"line":22,"column":23}},"type":"cond-expr","locations":[{"start":{"line":21,"column":22},"end":{"line":21,"column":24}},{"start":{"line":22,"column":22},"end":{"line":22,"column":23}}],"line":20}},"s":{"0":1,"1":2,"2":9},"f":{"0":2,"1":9},"b":{"0":[1],"1":[1],"2":[5,4],"3":[0,5],"4":[4,0],"5":[3,1]},"_coverageSchema":"1a1c01bbd47fc00a2c39e90264f33305004495a9","hash":"9ab56bd263c80329d59310a6d4f2d3f783d12c67"}
,"/Users/kevinwhitley/dev/kwhitley/supergeneric/src/sum.js": {"path":"/Users/kevinwhitley/dev/kwhitley/supergeneric/src/sum.js","statementMap":{"0":{"start":{"line":2,"column":19},"end":{"line":10,"column":1}},"1":{"start":{"line":3,"column":12},"end":{"line":3,"column":13}},"2":{"start":{"line":5,"column":2},"end":{"line":7,"column":3}},"3":{"start":{"line":6,"column":4},"end":{"line":6,"column":12}},"4":{"start":{"line":9,"column":2},"end":{"line":9,"column":12}}},"fnMap":{"0":{"name":"(anonymous_0)","decl":{"start":{"line":2,"column":19},"end":{"line":2,"column":20}},"loc":{"start":{"line":2,"column":29},"end":{"line":10,"column":1}},"line":2}},"branchMap":{},"s":{"0":2,"1":2,"2":2,"3":8,"4":2},"f":{"0":2},"b":{},"_coverageSchema":"1a1c01bbd47fc00a2c39e90264f33305004495a9","hash":"4efab6ce0ccedb8fd8ca87ca4187ab202cfb6e50"}
}
