TN:
SF:src/ascending.js
FN:2,(anonymous_0)
FNF:1
FNH:1
FNDA:26,(anonymous_0)
DA:2,26
LF:1
LH:1
BRDA:2,0,0,19
BRDA:2,0,1,7
BRDA:5,1,0,6
BRDA:5,1,1,1
BRF:4
BRH:4
end_of_record
TN:
SF:src/average.js
FN:4,(anonymous_0)
FNF:1
FNH:1
FNDA:4,(anonymous_0)
DA:4,4
LF:1
LH:1
BRDA:4,0,0,0
BRF:1
BRH:0
end_of_record
TN:
SF:src/binarySearch.js
FN:7,(anonymous_0)
FN:8,(anonymous_1)
FNF:2
FNH:2
FNDA:2,(anonymous_0)
FNDA:3,(anonymous_1)
DA:3,1
DA:7,1
DA:8,2
DA:9,3
DA:10,3
DA:12,3
DA:14,3
DA:15,1020
DA:19,1020
DA:24,1018
DA:25,25
DA:27,993
DA:30,1018
DA:33,1
LF:14
LH:14
BRDA:7,0,0,0
BRDA:8,1,0,0
BRDA:14,2,0,1021
BRDA:14,2,1,1020
BRDA:15,3,0,10
BRDA:15,3,1,1010
BRDA:19,4,0,2
BRDA:19,4,1,1018
BRDA:24,5,0,25
BRDA:24,5,1,993
BRF:10
BRH:8
end_of_record
TN:
SF:src/convert.js
FN:3,(anonymous_0)
FN:4,(anonymous_1)
FNF:2
FNH:2
FNDA:1,(anonymous_0)
FNDA:1,(anonymous_1)
DA:3,1
DA:4,1
DA:5,1
DA:8,1
LF:4
LH:4
BRF:0
BRH:0
end_of_record
TN:
SF:src/dates.js
FN:2,(anonymous_0)
FNF:1
FNH:1
FNDA:8,(anonymous_0)
DA:2,2
DA:3,8
DA:4,8
DA:6,8
LF:4
LH:4
BRDA:4,0,0,8
BRDA:4,0,1,6
BRDA:6,1,0,4
BRDA:6,1,1,4
BRF:4
BRH:4
end_of_record
TN:
SF:src/descending.js
FN:2,(anonymous_0)
FNF:1
FNH:1
FNDA:6,(anonymous_0)
DA:2,6
LF:1
LH:1
BRDA:2,0,0,3
BRDA:2,0,1,3
BRDA:5,1,0,3
BRDA:5,1,1,0
BRF:4
BRH:3
end_of_record
TN:
SF:src/first.js
FN:2,(anonymous_0)
FNF:1
FNH:1
FNDA:1,(anonymous_0)
DA:2,1
LF:1
LH:1
BRF:0
BRH:0
end_of_record
TN:
SF:src/getMilliseconds.js
FN:12,(anonymous_0)
FNF:1
FNH:1
FNDA:10,(anonymous_0)
DA:1,1
DA:12,1
DA:13,10
DA:14,3
DA:17,7
DA:19,7
DA:20,3
DA:23,4
DA:24,0
DA:27,4
DA:29,4
DA:30,3
DA:31,3
DA:32,3
DA:33,0
DA:36,3
DA:39,0
LF:17
LH:14
BRDA:13,0,0,3
BRDA:13,0,1,7
BRDA:19,1,0,3
BRDA:19,1,1,4
BRDA:23,2,0,0
BRDA:23,2,1,4
BRDA:29,3,0,3
BRDA:29,3,1,0
BRDA:32,4,0,0
BRDA:32,4,1,3
BRDA:36,5,0,3
BRDA:36,5,1,0
BRDA:36,6,0,3
BRDA:36,6,1,0
BRF:14
BRH:9
end_of_record
TN:
SF:src/last.js
FN:2,(anonymous_0)
FNF:1
FNH:1
FNDA:5,(anonymous_0)
DA:2,5
LF:1
LH:1
BRF:0
BRH:0
end_of_record
TN:
SF:src/makePath.js
FN:4,(anonymous_0)
FN:14,(anonymous_1)
FNF:2
FNH:2
FNDA:4,(anonymous_0)
FNDA:12,(anonymous_1)
DA:4,1
DA:5,4
DA:7,4
DA:8,1
DA:10,3
DA:13,4
DA:14,12
LF:7
LH:7
BRDA:7,0,0,1
BRDA:7,0,1,3
BRDA:14,1,0,12
BRDA:14,1,1,11
BRF:4
BRH:4
end_of_record
TN:
SF:src/max.js
FN:2,(anonymous_0)
FNF:1
FNH:1
FNDA:1,(anonymous_0)
DA:2,1
LF:1
LH:1
BRF:0
BRH:0
end_of_record
TN:
SF:src/mean.js
FNF:0
FNH:0
LF:0
LH:0
BRF:0
BRH:0
end_of_record
TN:
SF:src/median.js
FN:3,(anonymous_0)
FNF:1
FNH:1
FNDA:3,(anonymous_0)
DA:3,1
DA:4,3
DA:5,3
DA:6,3
DA:7,3
DA:9,3
DA:10,1
DA:13,2
LF:8
LH:8
BRDA:4,0,0,3
BRDA:4,0,1,2
BRDA:9,1,0,1
BRDA:9,1,1,2
BRDA:13,2,0,1
BRDA:13,2,1,1
BRF:6
BRH:6
end_of_record
TN:
SF:src/min.js
FN:2,(anonymous_0)
FNF:1
FNH:1
FNDA:1,(anonymous_0)
DA:2,1
LF:1
LH:1
BRF:0
BRH:0
end_of_record
TN:
SF:src/numbers.js
FN:2,(anonymous_0)
FNF:1
FNH:1
FNDA:3,(anonymous_0)
DA:2,1
DA:3,3
DA:5,3
LF:3
LH:3
BRDA:5,0,0,1
BRDA:5,0,1,2
BRF:2
BRH:2
end_of_record
TN:
SF:src/onlyNumbers.js
FN:2,(anonymous_0)
FNF:1
FNH:1
FNDA:1,(anonymous_0)
DA:2,1
LF:1
LH:1
BRF:0
BRH:0
end_of_record
TN:
SF:src/random.js
FN:2,(anonymous_0)
FNF:1
FNH:1
FNDA:1,(anonymous_0)
DA:2,1
LF:1
LH:1
BRF:0
BRH:0
end_of_record
TN:
SF:src/randomItem.js
FN:4,(anonymous_0)
FNF:1
FNH:1
FNDA:1,(anonymous_0)
DA:4,1
LF:1
LH:1
BRF:0
BRH:0
end_of_record
TN:
SF:src/range.js
FN:2,(anonymous_0)
FN:5,(anonymous_1)
FNF:2
FNH:2
FNDA:2,(anonymous_0)
FNDA:6,(anonymous_1)
DA:2,1
DA:3,2
DA:5,6
LF:3
LH:3
BRDA:2,0,0,0
BRDA:2,1,0,1
BRDA:3,2,0,1
BRF:3
BRH:2
end_of_record
TN:
SF:src/recurse.js
FN:1,(anonymous_0)
FN:1,(anonymous_1)
FNF:2
FNH:2
FNDA:2,(anonymous_0)
FNDA:2,(anonymous_1)
DA:1,2
DA:2,2
DA:3,1
DA:6,1
DA:7,5
DA:10,1
LF:6
LH:6
BRDA:2,0,0,1
BRDA:2,0,1,1
BRF:2
BRH:2
end_of_record
TN:
SF:src/required.js
FN:2,(anonymous_0)
FNF:1
FNH:0
FNDA:0,(anonymous_0)
DA:2,1
DA:3,0
LF:2
LH:1
BRF:0
BRH:0
end_of_record
TN:
SF:src/sortBy.js
FN:10,(anonymous_0)
FN:17,(anonymous_1)
FN:20,(anonymous_2)
FNF:3
FNH:3
FNDA:4,(anonymous_0)
FNDA:3,(anonymous_1)
FNDA:15,(anonymous_2)
DA:10,2
DA:11,4
DA:14,4
DA:16,4
DA:17,3
DA:20,15
LF:6
LH:6
BRDA:10,0,0,3
BRDA:10,1,0,3
BRDA:11,2,0,1
BRDA:11,2,1,3
BRDA:16,3,0,1
BRDA:16,3,1,3
BRDA:17,4,0,0
BRDA:17,4,1,3
BRDA:20,5,0,10
BRDA:20,5,1,5
BRF:10
BRH:9
end_of_record
TN:
SF:src/stddev.js
FN:4,(anonymous_0)
FNF:1
FNH:1
FNDA:1,(anonymous_0)
DA:4,1
DA:5,1
DA:6,1
DA:7,1
DA:9,1
DA:10,4
DA:13,1
LF:7
LH:7
BRF:0
BRH:0
end_of_record
TN:
SF:src/sum.js
FN:2,(anonymous_0)
FNF:1
FNH:1
FNDA:5,(anonymous_0)
DA:2,4
DA:3,5
DA:5,5
DA:6,20
DA:9,5
LF:5
LH:5
BRF:0
BRH:0
end_of_record
TN:
SF:src/transpose.js
FN:3,(anonymous_0)
FN:3,(anonymous_1)
FN:3,(anonymous_2)
FNF:3
FNH:3
FNDA:1,(anonymous_0)
FNDA:3,(anonymous_1)
FNDA:6,(anonymous_2)
DA:3,6
LF:1
LH:1
BRF:0
BRH:0
end_of_record
